
2025-07-13 15:46:09 [info: [Server running on port 3000]]
2025-07-13 15:46:38 [error: ["type" is required]]
2025-07-13 15:47:31 [info: [Server running on port 3000]]
2025-07-13 15:47:32 [info: [Server running on port 3000]]
2025-07-13 15:47:37 [error: [Duplicate username!]]
2025-07-13 15:47:37 [error: [Duplicate username!]]
2025-07-13 15:47:56 [error: [userType is not defined]]
2025-07-13 15:49:09 [info: [Server running on port 3000]]
2025-07-13 15:49:11 [info: [Server running on port 3000]]
2025-07-13 15:49:14 [error: [Duplicate username!]]
2025-07-13 15:49:14 [error: [Duplicate username!]]
2025-07-13 15:50:08 [info: [Server running on port 3000]]
2025-07-13 15:50:09 [info: [Server running on port 3000]]
2025-07-13 15:50:11 [info: [Server running on port 3000]]
2025-07-13 15:50:26 [error: [userType is not defined]]
2025-07-13 15:51:14 [info: [Server running on port 3000]]
2025-07-13 15:51:19 [info: [Server running on port 3000]]
2025-07-13 15:51:24 [info: [Server running on port 3000]]
2025-07-13 15:51:26 [info: [Server running on port 3000]]
2025-07-13 15:51:33 [error: ["name" length must be at least 4 characters long]]
2025-07-13 15:51:44 [error: [userType is not defined]]
2025-07-13 15:51:46 [info: [Server running on port 3000]]
2025-07-13 15:51:50 [error: [Duplicate username!]]
2025-07-13 15:51:50 [error: [Duplicate username!]]
2025-07-13 15:51:54 [error: [userType is not defined]]
2025-07-13 15:52:45 [info: [Server running on port 3000]]
2025-07-13 15:52:47 [info: [Server running on port 3000]]
2025-07-13 15:54:02 [info: [Server running on port 3000]]
2025-07-13 15:54:13 [info: [Server running on port 3000]]
2025-07-13 15:54:14 [info: [Server running on port 3000]]
2025-07-13 15:54:15 [info: [Server running on port 3000]]
2025-07-13 15:54:47 [info: [User 'satiro' successfully registered as 'admin'!]]
2025-07-13 15:55:05 [info: [User 'ayssa' successfully registered as 'usuario'!]]
2025-07-13 15:58:16 [info: [Server running on port 3000]]
2025-07-13 15:58:17 [info: [Server running on port 3000]]
