
2025-07-13 15:46:38 [error: ["type" is required]]
2025-07-13 15:47:37 [error: [Duplicate username!]]
2025-07-13 15:47:37 [error: [Duplicate username!]]
2025-07-13 15:47:56 [error: [userType is not defined]]
2025-07-13 15:49:14 [error: [Duplicate username!]]
2025-07-13 15:49:14 [error: [Duplicate username!]]
2025-07-13 15:50:26 [error: [userType is not defined]]
2025-07-13 15:51:33 [error: ["name" length must be at least 4 characters long]]
2025-07-13 15:51:44 [error: [userType is not defined]]
2025-07-13 15:51:50 [error: [Duplicate username!]]
2025-07-13 15:51:50 [error: [Duplicate username!]]
2025-07-13 15:51:54 [error: [userType is not defined]]
2025-07-14 10:27:37 [error: [Error logging in]]
2025-07-14 10:27:37 [error: [Error logging in]]
2025-07-14 10:43:25 [error: [Duplicate username!]]
2025-07-14 10:43:25 [error: [Duplicate username!]]
2025-07-14 11:36:36 [error: [productId is not defined]]
2025-07-14 11:37:58 [error: [Product with ID 'false' not found!]]
2025-07-14 11:37:58 [error: [Product with ID 'false' not found!]]
2025-07-14 11:41:17 [error: [Product with ID '9' not found!]]
2025-07-14 11:41:17 [error: [Product with ID '9' not found!]]
